Drill report for neopixel_eliot_hat.kicad_pcb
Created on 19/03/2024 19:35:29

Copper Layer Stackup:
    =============================================================
    L1 :  F.Cu (Sig)                front
    L2 :  In1.Cu (GND)              in1
    L3 :  In2.Cu (GND)              in2
    L4 :  B.Cu (Sig)                back


Drill file 'neopixel_eliot_hat-PTH.drl' contains
    plated through holes:
    =============================================================
    T1  0.200mm  0.0079"  (21 holes)
    T2  0.200mm  0.0079"  (6 holes)
    T3  0.300mm  0.0118"  (92 holes)
    T4  0.500mm  0.0197"  (7 holes)
    T5  0.600mm  0.0236"  (4 holes)  (with 4 slots)
    T6  0.950mm  0.0374"  (3 holes)
    T7  1.000mm  0.0394"  (16 holes)

    Total plated holes count 149


Drill file 'neopixel_eliot_hat-NPTH.drl' contains
    unplated through holes:
    =============================================================
    T1  0.650mm  0.0256"  (2 holes)

    Total unplated holes count 2
