Drill report for power_hat.kicad_pcb
Created on 2024-10-15T19:46:07+0200

Copper Layer Stackup:
    =============================================================
    L1 :  F.Cu (Sig)                front
    L2 :  B.Cu (Sig)                back


Drill file 'power_hat-PTH.drl' contains
    plated through holes:
    =============================================================
    T1  0.400mm  0.0157"  (32 holes)
    T2  0.600mm  0.0236"  (4 holes)  (with 4 slots)
    T3  1.000mm  0.0394"  (12 holes)
    T4  1.900mm  0.0748"  (12 holes)
    T5  2.200mm  0.0866"  (4 holes)
    T6  2.700mm  0.1063"  (4 holes)
    T7  5.000mm  0.1969"  (12 holes)

    Total plated holes count 80


Drill file 'power_hat-NPTH.drl' contains
    unplated through holes:
    =============================================================

    Total unplated holes count 0
